1:
3.7
3.4
3.7
4.2
3.8
3.8
3.4
3.7
3.9
3.6
3.4
3.6
3.8
3.9
3.2
3.9
3.6
4.1
3.9
3.9
3.4
4.4
3.6
10:
3.3
3.2
10045:
3.6
10046:
3.1
3.0
2.8
10047:
3.8
4.1
3.9
4.0
4.1
3.4
3.9
3.8
10048:
3.5
3.6
3.4
3.3
3.6
3.8
3.5
10061:
3.6
3.8
4.3
3.8
4.1
4.1
4.5
4.0
4.1
4.0
4.5
4.0
3.7
3.8
4.1
4.2
4.1
4.4
3.9
3.8
4.0
4.3
3.7
4.0
4.0
4.3
4.2
4.2
3.9
3.8
4.3
4.0
3.8
4.0
4.1
4.2
4.1
3.7
4.3
4.1
4.5
4.0
4.0
4.6
4.1
4.1
4.3
4.1
4.5
4.0
3.9
4.0
3.8
4.1
4.5
4.3
4.2
4.3
3.9
3.5
3.8
4.0
4.0
4.1
4.0
3.7
3.8
4.4
4.0
4.6
3.9
3.9
4.4
4.1
3.9
4.4
4.1
4.1
3.9
4.0
4.1
4.1
4.0
4.0
3.8
3.8
4.3
4.2
4.0
4.1
4.1
3.9
4.6
4.4
4.0
4.1
4.4
3.9
4.3
4.5
3.9
4.0
3.8
4.3
4.1
3.5
3.7
3.8
4.4
4.2
3.8
3.6
3.9
4.0
4.0
3.9
4.6
4.2
3.9
3.4
4.0
3.7
4.0
4.1
4.0
4.2
4.0
3.8
4.1
3.9
4.0
3.8
4.2
4.5
4.1
4.6
4.4
4.0
4.0
3.8
4.0
3.9
3.8
4.1
4.0
4.1
4.2
4.1
4.1
4.4
4.3
10171:
3.7
3.4
3.4
3.6
3.4
3.3
3.4
3.5
3.6
10172:
3.8
3.7
3.5
4.1
3.6
4.0
3.9
3.5
3.5
3.6
3.6
3.5
2.6
3.1
3.7
3.7
3.5
3.3
3.1
3.4
3.8
3.6
3.3
3.3
3.8
3.5
3.6
3.4
3.3
3.9
3.6
3.3
3.6
3.5
3.3
3.9
3.5
3.6
3.6
3.7
3.7
3.0
10174:
3.2
3.7
3.4
4.0
3.6
3.6
3.6
3.4
3.5
3.2
3.6
3.4
3.6
3.5
3.6
3.2
3.5
3.3
3.8
2.8
3.6
3.6
4.2
3.3
3.3
3.7
3.4
3.9
3.1
3.3
3.5
3.0
3.3
3.4
3.5
3.3
4.1
3.2
3.2
3.2
3.5
3.4
3.4
3.5
3.7
3.3
3.4
10234:
3.9
3.5
3.1
3.0
3.0
3.4
3.5
2.9
3.3
3.4
10235:
3.4
2.5
10236:
3.3
3.8
3.7
3.6
3.4
3.6
3.5
3.2
3.4
3.6
3.4
3.4
3.8
3.7
3.8
3.6
3.2
3.5
2.9
3.6
3.4
3.7
3.8
3.3
3.5
3.4
3.6
3.8
3.3
3.2
3.5
3.4
3.8
3.7
3.7
3.3
3.9
3.7
3.2
3.6
3.7
3.4
3.3
3.1
3.3
3.4
3.8
3.9
10237:
3.2
10238:
3.3
3.1
2567:
3.8
2568:
3.5
3.9
4.1
4.0
4.1
4.1
4.2
4.0
4.3
4.2
3.7
4.3
4.1
3.9
4.3
4.2
4.2
4.2
4.2
3.7
4.2
4.2
3.9
4.0
4.1
4.0
4.4
3.7
4.3
4.0
4.3
4.2
3.8
4.0
3.8
4.3
4.2
4.0
3.9
4.1
3.9
4.2
4.2
4.2
3.7
4.0
4.0
4.1
4.0
4.1
3.8
3.9
4.2
4.2
4.1
4.0
4.0
3.9
4.5
4.1
4.4
4.0
3.7
4.4
4.3
4.1
4.2
3.9
4.4
4.0
4.3
4.3
4.3
4.2
4.0
4.1
4.0
4.0
4.0
4.0
3.7
4.6
4.2
4.0
4.1
4.2
4.2
4.6
3.8
3.7
4.1
4.4
3.9
3.9
4.0
4.4
4.2
4.7
4.0
4.4
4.4
4.3
3.9
4.2
4.3
3.9
3.9
3.9
4.1
4.2
4.0
4.6
4.5
4.1
3.8
3.8
4.0
4.0
4.3
4.1
3.8
4.2
4.0
4.4
4.4
4.5
4.2
4.6
4.3
4.0
3.6
4.4
4.2
4.0
4.0
4.1
4.2
4.0
4.5
4.1
4.4
3.8
4.1
4.0
4.1
4.3
3.8
4.4
3.9
4.2
4.2
4.3
3.7
3.7
4.2
4.0
3.8
4.0
4.0
4.0
4.0
3.8
4.1
4.1
4.0
4.5
4.0
3.9
4.0
4.3
4.4
4.2
4.0
4.3
4.2
4.3
3.9
3.8
4.1
4.2
4.6
2569:
3.1
3.2
3.0
2876:
3.4
3.7
3.8
3.3
3.4
4.0
3.6
4.0
3.4
3.9
3.8
3.9
3.2
3.5
3.2
4.0
3.6
4.0
3.4
4.0
3.3
3.5
4.0
3.8
3.6
3.5
3.8
4.0
3.0
3.9
3.1
3.9
3.2
3.2
3.7
3.9
3.6
3.9
3.8
3.6
3.9
3.8
3.5
3.5
4.1
4.1
3.2
3.4
4.0
3.0
3.6
4.1
3.7
3.8
3.9
3.4
4.0
3.4
4.1
3.4
3.9
3.9
3.8
3.3
3.5
3.8
3.9
3.4
3.8
3.6
3.7
3.2
4.0
3.9
3.8
3.6
3.5
4.0
3.8
3.2
3.8
3.7
3.5
3.5
3.7
3.6
4.0
3.6
3.2
3.4
3.7
3.8
3.3
2877:
3.3
3.3
2891:
3.0
3.3
3.5
3.2
3.0
3.1
3.4
3.0
3.5
3.5
3.2
3.4
3.1
3.1
2.8
3.5
3.3
3.4
3.2
3.4
3.2
3.2
3.4
3.2
3.3
2892:
3.4
3.4
3.8
3.5
3.9
3.3
3.8
3.6
3.6
3.4
3.3
3.7
3.9
3.3
2893:
3.5
3.8
3.9
3.4
3.8
3.9
4.0
3.4
3.9
3.7
4.1
4.4
3.2
3.2
4.2
3.8
4.2
3.7
3.7
3.6
3.3
3.6
4.0
3.8
2894:
3.6
4.3
3.6
3.8
3.7
3.5
3.8
3.8
4.3
2895:
3.7
3.6
3.5
4.2
4.0
3.6
3.8
3.7
4.3
3.3
4.1
4.0
3.7
3.5
3.8
3.9
3.5
4.0
3.9
3.9
3.8
3.6
3.5
4.1
3.5
3.5
3.2
3.7
3.7
3.9
4.2
3.6
3.9
3.5
3.7
3.7
4.0
3.6
3.3
3.9
3.6
3.4
4.3
4.0
3.4
3.7
3.8
3.8
3.7
4.0
3.7
3.7
4.1
4.0
3.7
4.2
4.0
3.7
3.9
3.6
3.9
3.1
3.7
4.2
3.9
2901:
3.4
3.7
3.8
4.1
3.8
3.5
4.0
3.7
3.4
2902:
3.6
2903:
3.3
3.6
3.3
3.5
3.2
3.7
3.5
3.7
3.0
2904:
3.7
3.6
3.3
2905:
3.6
3.9
3.1
3.5
3.5
3.2
3.7
3.6
3.5
3.6
3.4
3.5
3.6
3.4
3.3
3.6
3.4
3.5
3.6
3.6
3.6
3.6
3.4
3.3
3.6
3.6
3.6
3.6
2.3
3.2
3.7
3.3
3.2
3.4
3.6
3.6
3.6
3.5
3.6
3.5
3.9
3.8
3.3
3.5
3.6
3.0
3.5
3.5
3.4
3.6
3.7
3.5
3.8
2.9
3.7
3.5
3.6
3.8
3.6
3.8
3.8
3.8
3.5
4.0
3.5
3.7
3.0
3.5
3.9
3.9
3.8
3.2
3.5
3.4
3.4
3.6
3.6
3.2
3.1
3.8
3.3
3.3
3.7
4.0
3.6
3.4
3.4
3.5
3.7
3.5
3.9
3.4
3.6
3.6
3.6
3.4
3.1
3.6
3.5
3.6
3.7
3.4
3.7
3.6
3.4
3.6
3.2
3.3
3.4
3.7
3.3
3.1
3.5
3.6
3.9
3.3
3.3
3.2
3.8
3.4
3.6
4.0
3.6
3.6
3.6
3.5
3.7
3.3
3.3
3.5
3.6
3.2
4.0
3.5
4.1
3.5
3.1
3.9
3.2
3.5
3.4
3.6
3.7
3.6
3.2
3.9
3.4
3.5
3.3
3.1
3.5
3.5
3.7
3.3
3.8
3.5
3.5
3.4
3.8
3.4
3.6
3.2
3.4
3.6
3.5
3.7
3.7
3.6
3.5
3.5
3.4
3.6
3.2
3.8
3.6
3.8
3.6
3.5
3.8
3.6
3.4
3.5
3.7
3.7
3.4
3.6
3.4
3.7
3.5
3.5
3.6
3.3
3.5
3.4
3.8
3.7
3.5
3.7
3.1
3.8
3.6
3.6
3.5
3.3
3.4
3.7
3.7
3.4
3.4
4.0
3.7
3.5
3.5
3.8
3.5
2906:
3.3
3.3
3.6
3.4
3.3
3.2
RMSE: 0.926
